[debug] [2020-08-11T07:52:52.659Z] ----------------------------------------------------------------------
[debug] [2020-08-11T07:52:52.662Z] Command:       C:\Program Files\nodejs\node.exe C:\Users\HARSH BADHAI\.npm-global\node_modules\firebase-tools\lib\bin\firebase.js init
[debug] [2020-08-11T07:52:52.662Z] CLI Version:   7.15.1
[debug] [2020-08-11T07:52:52.662Z] Platform:      win32
[debug] [2020-08-11T07:52:52.663Z] Node Version:  v12.18.3
[debug] [2020-08-11T07:52:52.664Z] Time:          Tue Aug 11 2020 13:22:52 GMT+0530 (India Standard Time)
[debug] [2020-08-11T07:52:52.664Z] ----------------------------------------------------------------------
[debug] [2020-08-11T07:52:52.664Z] 
[debug] [2020-08-11T07:52:52.672Z] > command requires scopes: ["email","openid","https://www.googleapis.com/auth/cloudplatformprojects.readonly","https://www.googleapis.com/auth/firebase","https://www.googleapis.com/auth/cloud-platform"]
[debug] [2020-08-11T07:52:52.673Z] > authorizing via signed-in user
[info] 
     ######## #### ########  ######## ########     ###     ######  ########
     ##        ##  ##     ## ##       ##     ##  ##   ##  ##       ##
     ######    ##  ########  ######   ########  #########  ######  ######
     ##        ##  ##    ##  ##       ##     ## ##     ##       ## ##
     ##       #### ##     ## ######## ########  ##     ##  ######  ########

You're about to initialize a Firebase project in this directory:

  D:\My Website\app\harsh-portfolio

Before we get started, keep in mind:

  * You are initializing in an existing Firebase project directory

